# JRE version: Java(TM) SE Runtime Environment (8.0_221-b11) (build 1.8.0_221-b11)
# Java VM: Java HotSpot(TM) 64-Bit Server VM (25.221-b11 mixed mode windows-amd64 compressed oops)
Heap:
 PSYoungGen      total 35328K, used 2560K [0x00000000eb180000, 0x00000000ed680000, 0x0000000100000000)
  eden space 32768K, 0% used [0x00000000eb180000,0x00000000eb180000,0x00000000ed180000)
  from space 2560K, 100% used [0x00000000ed180000,0x00000000ed400000,0x00000000ed400000)
  to   space 2560K, 0% used [0x00000000ed400000,0x00000000ed400000,0x00000000ed680000)
 ParOldGen       total 44032K, used 40363K [0x00000000c1400000, 0x00000000c3f00000, 0x00000000eb180000)
  object space 44032K, 91% used [0x00000000c1400000,0x00000000c3b6ad68,0x00000000c3f00000)
 Metaspace       used 18147K, capacity 18584K, committed 18688K, reserved 1064960K
  class space    used 2147K, capacity 2290K, committed 2304K, reserved 1048576K
GC Heap History (10 events):
Event: 9.789 GC heap after
Heap after GC invocations=10 (full 0):
 PSYoungGen      total 35328K, used 2560K [0x00000000eb180000, 0x00000000ed680000, 0x0000000100000000)
  eden space 32768K, 0% used [0x00000000eb180000,0x00000000eb180000,0x00000000ed180000)
  from space 2560K, 100% used [0x00000000ed400000,0x00000000ed680000,0x00000000ed680000)
  to   space 2560K, 0% used [0x00000000ed180000,0x00000000ed180000,0x00000000ed400000)
 ParOldGen       total 44032K, used 36134K [0x00000000c1400000, 0x00000000c3f00000, 0x00000000eb180000)
  object space 44032K, 82% used [0x00000000c1400000,0x00000000c3749800,0x00000000c3f00000)
 Metaspace       used 17923K, capacity 18368K, committed 18432K, reserved 1064960K
  class space    used 2143K, capacity 2286K, committed 2304K, reserved 1048576K
}
Event: 9.789 GC heap before
{Heap before GC invocations=11 (full 1):
 PSYoungGen      total 35328K, used 2560K [0x00000000eb180000, 0x00000000ed680000, 0x0000000100000000)
  eden space 32768K, 0% used [0x00000000eb180000,0x00000000eb180000,0x00000000ed180000)
  from space 2560K, 100% used [0x00000000ed400000,0x00000000ed680000,0x00000000ed680000)
  to   space 2560K, 0% used [0x00000000ed180000,0x00000000ed180000,0x00000000ed400000)
 ParOldGen       total 44032K, used 36134K [0x00000000c1400000, 0x00000000c3f00000, 0x00000000eb180000)
  object space 44032K, 82% used [0x00000000c1400000,0x00000000c3749800,0x00000000c3f00000)
 Metaspace       used 17923K, capacity 18368K, committed 18432K, reserved 1064960K
  class space    used 2143K, capacity 2286K, committed 2304K, reserved 1048576K
Event: 9.930 GC heap after
Heap after GC invocations=11 (full 1):
 PSYoungGen      total 35328K, used 0K [0x00000000eb180000, 0x00000000ed680000, 0x0000000100000000)
  eden space 32768K, 0% used [0x00000000eb180000,0x00000000eb180000,0x00000000ed180000)
  from space 2560K, 0% used [0x00000000ed400000,0x00000000ed400000,0x00000000ed680000)
  to   space 2560K, 0% used [0x00000000ed180000,0x00000000ed180000,0x00000000ed400000)
 ParOldGen       total 44032K, used 25206K [0x00000000c1400000, 0x00000000c3f00000, 0x00000000eb180000)
  object space 44032K, 57% used [0x00000000c1400000,0x00000000c2c9db08,0x00000000c3f00000)
 Metaspace       used 17923K, capacity 18368K, committed 18432K, reserved 1064960K
  class space    used 2143K, capacity 2286K, committed 2304K, reserved 1048576K
}
Event: 10.223 GC heap before
{Heap before GC invocations=12 (full 1):
 PSYoungGen      total 35328K, used 32768K [0x00000000eb180000, 0x00000000ed680000, 0x0000000100000000)
  eden space 32768K, 100% used [0x00000000eb180000,0x00000000ed180000,0x00000000ed180000)
  from space 2560K, 0% used [0x00000000ed400000,0x00000000ed400000,0x00000000ed680000)
  to   space 2560K, 0% used [0x00000000ed180000,0x00000000ed180000,0x00000000ed400000)
 ParOldGen       total 44032K, used 25206K [0x00000000c1400000, 0x00000000c3f00000, 0x00000000eb180000)
  object space 44032K, 57% used [0x00000000c1400000,0x00000000c2c9db08,0x00000000c3f00000)
 Metaspace       used 18038K, capacity 18444K, committed 18688K, reserved 1064960K
  class space    used 2144K, capacity 2288K, committed 2304K, reserved 1048576K
Event: 10.234 GC heap after
Heap after GC invocations=12 (full 1):
 PSYoungGen      total 35328K, used 2560K [0x00000000eb180000, 0x00000000ed680000, 0x0000000100000000)
  eden space 32768K, 0% used [0x00000000eb180000,0x00000000eb180000,0x00000000ed180000)
  from space 2560K, 100% used [0x00000000ed180000,0x00000000ed400000,0x00000000ed400000)
  to   space 2560K, 0% used [0x00000000ed400000,0x00000000ed400000,0x00000000ed680000)
 ParOldGen       total 44032K, used 28510K [0x00000000c1400000, 0x00000000c3f00000, 0x00000000eb180000)
  object space 44032K, 64% used [0x00000000c1400000,0x00000000c2fd7b08,0x00000000c3f00000)
 Metaspace       used 18038K, capacity 18444K, committed 18688K, reserved 1064960K
  class space    used 2144K, capacity 2288K, committed 2304K, reserved 1048576K
}
Event: 10.484 GC heap before
{Heap before GC invocations=13 (full 1):
 PSYoungGen      total 35328K, used 35328K [0x00000000eb180000, 0x00000000ed680000, 0x0000000100000000)
  eden space 32768K, 100% used [0x00000000eb180000,0x00000000ed180000,0x00000000ed180000)
  from space 2560K, 100% used [0x00000000ed180000,0x00000000ed400000,0x00000000ed400000)
  to   space 2560K, 0% used [0x00000000ed400000,0x00000000ed400000,0x00000000ed680000)
 ParOldGen       total 44032K, used 28510K [0x00000000c1400000, 0x00000000c3f00000, 0x00000000eb180000)
  object space 44032K, 64% used [0x00000000c1400000,0x00000000c2fd7b08,0x00000000c3f00000)
 Metaspace       used 18071K, capacity 18508K, committed 18688K, reserved 1064960K
  class space    used 2145K, capacity 2288K, committed 2304K, reserved 1048576K
Event: 10.521 GC heap after
Heap after GC invocations=13 (full 1):
 PSYoungGen      total 35328K, used 2560K [0x00000000eb180000, 0x00000000ed680000, 0x0000000100000000)
  eden space 32768K, 0% used [0x00000000eb180000,0x00000000eb180000,0x00000000ed180000)
  from space 2560K, 100% used [0x00000000ed400000,0x00000000ed680000,0x00000000ed680000)
  to   space 2560K, 0% used [0x00000000ed180000,0x00000000ed180000,0x00000000ed400000)
 ParOldGen       total 44032K, used 35067K [0x00000000c1400000, 0x00000000c3f00000, 0x00000000eb180000)
  object space 44032K, 79% used [0x00000000c1400000,0x00000000c363ed38,0x00000000c3f00000)
 Metaspace       used 18071K, capacity 18508K, committed 18688K, reserved 1064960K
  class space    used 2145K, capacity 2288K, committed 2304K, reserved 1048576K
}
Event: 10.855 GC heap before
{Heap before GC invocations=14 (full 1):
 PSYoungGen      total 35328K, used 35328K [0x00000000eb180000, 0x00000000ed680000, 0x0000000100000000)
  eden space 32768K, 100% used [0x00000000eb180000,0x00000000ed180000,0x00000000ed180000)
  from space 2560K, 100% used [0x00000000ed400000,0x00000000ed680000,0x00000000ed680000)
  to   space 2560K, 0% used [0x00000000ed180000,0x00000000ed180000,0x00000000ed400000)
 ParOldGen       total 44032K, used 35067K [0x00000000c1400000, 0x00000000c3f00000, 0x00000000eb180000)
  object space 44032K, 79% used [0x00000000c1400000,0x00000000c363ed38,0x00000000c3f00000)
 Metaspace       used 18147K, capacity 18584K, committed 18688K, reserved 1064960K
  class space    used 2147K, capacity 2290K, committed 2304K, reserved 1048576K
Event: 10.873 GC heap after
Heap after GC invocations=14 (full 1):
 PSYoungGen      total 35328K, used 2560K [0x00000000eb180000, 0x00000000ed680000, 0x0000000100000000)
  eden space 32768K, 0% used [0x00000000eb180000,0x00000000eb180000,0x00000000ed180000)
  from space 2560K, 100% used [0x00000000ed180000,0x00000000ed400000,0x00000000ed400000)
  to   space 2560K, 0% used [0x00000000ed400000,0x00000000ed400000,0x00000000ed680000)
 ParOldGen       total 44032K, used 40363K [0x00000000c1400000, 0x00000000c3f00000, 0x00000000eb180000)
  object space 44032K, 91% used [0x00000000c1400000,0x00000000c3b6ad68,0x00000000c3f00000)
 Metaspace       used 18147K, capacity 18584K, committed 18688K, reserved 1064960K
  class space    used 2147K, capacity 2290K, committed 2304K, reserved 1048576K
}
Event: 10.873 GC heap before
{Heap before GC invocations=15 (full 2):
 PSYoungGen      total 35328K, used 2560K [0x00000000eb180000, 0x00000000ed680000, 0x0000000100000000)
  eden space 32768K, 0% used [0x00000000eb180000,0x00000000eb180000,0x00000000ed180000)
  from space 2560K, 100% used [0x00000000ed180000,0x00000000ed400000,0x00000000ed400000)
  to   space 2560K, 0% used [0x00000000ed400000,0x00000000ed400000,0x00000000ed680000)
 ParOldGen       total 44032K, used 40363K [0x00000000c1400000, 0x00000000c3f00000, 0x00000000eb180000)
  object space 44032K, 91% used [0x00000000c1400000,0x00000000c3b6ad68,0x00000000c3f00000)
 Metaspace       used 18147K, capacity 18584K, committed 18688K, reserved 1064960K
  class space    used 2147K, capacity 2290K, committed 2304K, reserved 1048576K

