# JRE version: Java(TM) SE Runtime Environment (8.0_60-b27) (build 1.8.0_60-b27)
# Java VM: Java HotSpot(TM) 64-Bit Server VM (25.60-b23 mixed mode windows-amd64 compressed oops)
Heap:
 PSYoungGen      total 71168K, used 33770K [0x00000000eb180000, 0x00000000efc80000, 0x0000000100000000)
  eden space 65536K, 51% used [0x00000000eb180000,0x00000000ed27aa30,0x00000000ef180000)
  from space 5632K, 0% used [0x00000000ef180000,0x00000000ef180000,0x00000000ef700000)
  to   space 5632K, 0% used [0x00000000ef700000,0x00000000ef700000,0x00000000efc80000)
 ParOldGen       total 31744K, used 9347K [0x00000000c1400000, 0x00000000c3300000, 0x00000000eb180000)
  object space 31744K, 29% used [0x00000000c1400000,0x00000000c1d20eb8,0x00000000c3300000)
 Metaspace       used 24839K, capacity 25760K, committed 25856K, reserved 1071104K
  class space    used 3116K, capacity 3306K, committed 3328K, reserved 1048576K
GC Heap History (10 events):
Event: 5.670 GC heap before
{Heap before GC invocations=6 (full 0):
 PSYoungGen      total 18944K, used 18922K [0x00000000eb180000, 0x00000000edc80000, 0x0000000100000000)
  eden space 16384K, 99% used [0x00000000eb180000,0x00000000ec17d540,0x00000000ec180000)
  from space 2560K, 99% used [0x00000000ec180000,0x00000000ec3fd450,0x00000000ec400000)
  to   space 5632K, 0% used [0x00000000ed700000,0x00000000ed700000,0x00000000edc80000)
 ParOldGen       total 44032K, used 7201K [0x00000000c1400000, 0x00000000c3f00000, 0x00000000eb180000)
  object space 44032K, 16% used [0x00000000c1400000,0x00000000c1b084d0,0x00000000c3f00000)
 Metaspace       used 16038K, capacity 16576K, committed 16896K, reserved 1064960K
  class space    used 2040K, capacity 2180K, committed 2304K, reserved 1048576K
Event: 5.696 GC heap after
Heap after GC invocations=6 (full 0):
 PSYoungGen      total 38400K, used 2708K [0x00000000eb180000, 0x00000000edc80000, 0x0000000100000000)
  eden space 32768K, 0% used [0x00000000eb180000,0x00000000eb180000,0x00000000ed180000)
  from space 5632K, 48% used [0x00000000ed700000,0x00000000ed9a5338,0x00000000edc80000)
  to   space 5632K, 0% used [0x00000000ed180000,0x00000000ed180000,0x00000000ed700000)
 ParOldGen       total 44032K, used 7209K [0x00000000c1400000, 0x00000000c3f00000, 0x00000000eb180000)
  object space 44032K, 16% used [0x00000000c1400000,0x00000000c1b0a4d0,0x00000000c3f00000)
 Metaspace       used 16038K, capacity 16576K, committed 16896K, reserved 1064960K
  class space    used 2040K, capacity 2180K, committed 2304K, reserved 1048576K
}
Event: 6.315 GC heap before
{Heap before GC invocations=7 (full 0):
 PSYoungGen      total 38400K, used 35476K [0x00000000eb180000, 0x00000000edc80000, 0x0000000100000000)
  eden space 32768K, 100% used [0x00000000eb180000,0x00000000ed180000,0x00000000ed180000)
  from space 5632K, 48% used [0x00000000ed700000,0x00000000ed9a5338,0x00000000edc80000)
  to   space 5632K, 0% used [0x00000000ed180000,0x00000000ed180000,0x00000000ed700000)
 ParOldGen       total 44032K, used 7209K [0x00000000c1400000, 0x00000000c3f00000, 0x00000000eb180000)
  object space 44032K, 16% used [0x00000000c1400000,0x00000000c1b0a4d0,0x00000000c3f00000)
 Metaspace       used 17074K, capacity 17764K, committed 17920K, reserved 1064960K
  class space    used 2151K, capacity 2304K, committed 2304K, reserved 1048576K
Event: 6.330 GC heap after
Heap after GC invocations=7 (full 0):
 PSYoungGen      total 38400K, used 3445K [0x00000000eb180000, 0x00000000efc80000, 0x0000000100000000)
  eden space 32768K, 0% used [0x00000000eb180000,0x00000000eb180000,0x00000000ed180000)
  from space 5632K, 61% used [0x00000000ed180000,0x00000000ed4dd558,0x00000000ed700000)
  to   space 5632K, 0% used [0x00000000ef700000,0x00000000ef700000,0x00000000efc80000)
 ParOldGen       total 44032K, used 8199K [0x00000000c1400000, 0x00000000c3f00000, 0x00000000eb180000)
  object space 44032K, 18% used [0x00000000c1400000,0x00000000c1c01d08,0x00000000c3f00000)
 Metaspace       used 17074K, capacity 17764K, committed 17920K, reserved 1064960K
  class space    used 2151K, capacity 2304K, committed 2304K, reserved 1048576K
}
Event: 8.356 GC heap before
{Heap before GC invocations=8 (full 0):
 PSYoungGen      total 38400K, used 36213K [0x00000000eb180000, 0x00000000efc80000, 0x0000000100000000)
  eden space 32768K, 100% used [0x00000000eb180000,0x00000000ed180000,0x00000000ed180000)
  from space 5632K, 61% used [0x00000000ed180000,0x00000000ed4dd558,0x00000000ed700000)
  to   space 5632K, 0% used [0x00000000ef700000,0x00000000ef700000,0x00000000efc80000)
 ParOldGen       total 44032K, used 8199K [0x00000000c1400000, 0x00000000c3f00000, 0x00000000eb180000)
  object space 44032K, 18% used [0x00000000c1400000,0x00000000c1c01d08,0x00000000c3f00000)
 Metaspace       used 19645K, capacity 20512K, committed 20736K, reserved 1067008K
  class space    used 2502K, capacity 2690K, committed 2816K, reserved 1048576K
Event: 8.379 GC heap after
Heap after GC invocations=8 (full 0):
 PSYoungGen      total 71168K, used 5037K [0x00000000eb180000, 0x00000000efc80000, 0x0000000100000000)
  eden space 65536K, 0% used [0x00000000eb180000,0x00000000eb180000,0x00000000ef180000)
  from space 5632K, 89% used [0x00000000ef700000,0x00000000efbeb640,0x00000000efc80000)
  to   space 5632K, 0% used [0x00000000ef180000,0x00000000ef180000,0x00000000ef700000)
 ParOldGen       total 44032K, used 9037K [0x00000000c1400000, 0x00000000c3f00000, 0x00000000eb180000)
  object space 44032K, 20% used [0x00000000c1400000,0x00000000c1cd3558,0x00000000c3f00000)
 Metaspace       used 19645K, capacity 20512K, committed 20736K, reserved 1067008K
  class space    used 2502K, capacity 2690K, committed 2816K, reserved 1048576K
}
Event: 8.890 GC heap before
{Heap before GC invocations=9 (full 0):
 PSYoungGen      total 71168K, used 22900K [0x00000000eb180000, 0x00000000efc80000, 0x0000000100000000)
  eden space 65536K, 27% used [0x00000000eb180000,0x00000000ec2f1a00,0x00000000ef180000)
  from space 5632K, 89% used [0x00000000ef700000,0x00000000efbeb640,0x00000000efc80000)
  to   space 5632K, 0% used [0x00000000ef180000,0x00000000ef180000,0x00000000ef700000)
 ParOldGen       total 44032K, used 9037K [0x00000000c1400000, 0x00000000c3f00000, 0x00000000eb180000)
  object space 44032K, 20% used [0x00000000c1400000,0x00000000c1cd3558,0x00000000c3f00000)
 Metaspace       used 20335K, capacity 21194K, committed 21248K, reserved 1067008K
  class space    used 2592K, capacity 2779K, committed 2816K, reserved 1048576K
Event: 8.903 GC heap after
Heap after GC invocations=9 (full 0):
 PSYoungGen      total 71168K, used 3622K [0x00000000eb180000, 0x00000000efc80000, 0x0000000100000000)
  eden space 65536K, 0% used [0x00000000eb180000,0x00000000eb180000,0x00000000ef180000)
  from space 5632K, 64% used [0x00000000ef180000,0x00000000ef509a60,0x00000000ef700000)
  to   space 5632K, 0% used [0x00000000ef700000,0x00000000ef700000,0x00000000efc80000)
 ParOldGen       total 44032K, used 9659K [0x00000000c1400000, 0x00000000c3f00000, 0x00000000eb180000)
  object space 44032K, 21% used [0x00000000c1400000,0x00000000c1d6ed68,0x00000000c3f00000)
 Metaspace       used 20335K, capacity 21194K, committed 21248K, reserved 1067008K
  class space    used 2592K, capacity 2779K, committed 2816K, reserved 1048576K
}
Event: 8.903 GC heap before
{Heap before GC invocations=10 (full 1):
 PSYoungGen      total 71168K, used 3622K [0x00000000eb180000, 0x00000000efc80000, 0x0000000100000000)
  eden space 65536K, 0% used [0x00000000eb180000,0x00000000eb180000,0x00000000ef180000)
  from space 5632K, 64% used [0x00000000ef180000,0x00000000ef509a60,0x00000000ef700000)
  to   space 5632K, 0% used [0x00000000ef700000,0x00000000ef700000,0x00000000efc80000)
 ParOldGen       total 44032K, used 9659K [0x00000000c1400000, 0x00000000c3f00000, 0x00000000eb180000)
  object space 44032K, 21% used [0x00000000c1400000,0x00000000c1d6ed68,0x00000000c3f00000)
 Metaspace       used 20335K, capacity 21194K, committed 21248K, reserved 1067008K
  class space    used 2592K, capacity 2779K, committed 2816K, reserved 1048576K
Event: 9.040 GC heap after
Heap after GC invocations=10 (full 1):
 PSYoungGen      total 71168K, used 0K [0x00000000eb180000, 0x00000000efc80000, 0x0000000100000000)
  eden space 65536K, 0% used [0x00000000eb180000,0x00000000eb180000,0x00000000ef180000)
  from space 5632K, 0% used [0x00000000ef180000,0x00000000ef180000,0x00000000ef700000)
  to   space 5632K, 0% used [0x00000000ef700000,0x00000000ef700000,0x00000000efc80000)
 ParOldGen       total 31744K, used 9347K [0x00000000c1400000, 0x00000000c3300000, 0x00000000eb180000)
  object space 31744K, 29% used [0x00000000c1400000,0x00000000c1d20eb8,0x00000000c3300000)
 Metaspace       used 20335K, capacity 21194K, committed 21248K, reserved 1067008K
  class space    used 2592K, capacity 2779K, committed 2816K, reserved 1048576K
}

